app/Test_Watch_v5/app/build/outputs/logs/manifest-merger-debug-report.txt
-- Merging decision tree log ---
manifest
ADDED from src\main\AndroidManifest.xml:2:1-54:12
INJECTED from src\main\AndroidManifest.xml:2:1-54:12
INJECTED from src\main\AndroidManifest.xml:2:1-54:12
INJECTED from src\main\AndroidManifest.xml:2:1-54:12
MERGED from [com.rengwuxian.materialedittext:library:2.1.4] AndroidManifest.xml:2:1-10:12
MERGED from [com.github.javiersantos:MaterialStyledDialogs:2.1] AndroidManifest.xml:2:1-11:12
MERGED from [com.afollestad.material-dialogs:core:0.9.0.2] AndroidManifest.xml:2:1-15:12
MERGED from [me.zhanghai.android.materialprogressbar:library:1.1.7] AndroidManifest.xml:6:1-16:12
MERGED from [com.android.support:appcompat-v7:26.1.0] AndroidManifest.xml:17:1-31:12
MERGED from [com.android.support.constraint:constraint-layout:1.1.3] AndroidManifest.xml:2:1-11:12
MERGED from [:GOFIT_SDK-release:] AndroidManifest.xml:2:1-14:12
MERGED from [io.reactivex.rxjava2:rxandroid:2.1.0] AndroidManifest.xml:15:1-20:12
MERGED from [com.android.support:animated-vector-drawable:26.1.0] AndroidManifest.xml:17:1-28:12
MERGED from [com.android.support:support-vector-drawable:26.1.0] AndroidManifest.xml:17:1-28:12
MERGED from [com.android.support:support-v4:26.1.0] AndroidManifest.xml:17:1-31:12
MERGED from [com.android.support:support-media-compat:26.1.0] AndroidManifest.xml:17:1-31:12
MERGED from [com.android.support:support-fragment:26.1.0] AndroidManifest.xml:17:1-31:12
MERGED from [com.android.support:support-core-utils:26.1.0] AndroidManifest.xml:17:1-31:12
MERGED from [com.android.support:recyclerview-v7:24.2.1] AndroidManifest.xml:17:1-22:12
MERGED from [com.android.support:support-core-ui:26.1.0] AndroidManifest.xml:17:1-31:12
MERGED from [com.android.support:support-compat:26.1.0] AndroidManifest.xml:17:1-31:12
MERGED from [android.arch.lifecycle:runtime:1.0.0] AndroidManifest.xml:17:1-30:12
INJECTED from src\main\AndroidManifest.xml:2:1-54:12
INJECTED from src\main\AndroidManifest.xml:2:1-54:12
INJECTED from src\main\AndroidManifest.xml:2:1-54:12
	package
		ADDED from src\main\AndroidManifest.xml:3:5-42
		INJECTED from src\main\AndroidManifest.xml
		INJECTED from src\main\AndroidManifest.xml
	android:versionName
		INJECTED from src\main\AndroidManifest.xml
		ADDED from src\main\AndroidManifest.xml:2:1-54:12
		INJECTED from src\main\AndroidManifest.xml
	android:versionCode
		INJECTED from src\main\AndroidManifest.xml
		ADDED from src\main\AndroidManifest.xml:2:1-54:12
		INJECTED from src\main\AndroidManifest.xml
	xmlns:android
		ADDED from src\main\AndroidManifest.xml:2:11-69
uses-permission#android.permission.VIBRATE
ADDED from src\main\AndroidManifest.xml:5:5-65
	android:name
		ADDED from src\main\AndroidManifest.xml:5:22-63
uses-permission#android.permission.WAKE_LOCK
ADDED from src\main\AndroidManifest.xml:6:5-68
	android:name
		ADDED from src\main\AndroidManifest.xml:6:22-65
uses-permission#android.permission.ACCESS_NETWORK_STATE
ADDED from src\main\AndroidManifest.xml:7:5-79
	android:name
		ADDED from src\main\AndroidManifest.xml:7:22-76
uses-permission#android.permission.READ_PHONE_STATE
ADDED from src\main\AndroidManifest.xml:8:5-75
	android:name
		ADDED from src\main\AndroidManifest.xml:8:22-72
uses-permission#android.permission.FOREGROUND_SERVICE
ADDED from src\main\AndroidManifest.xml:9:5-77
	android:name
		ADDED from src\main\AndroidManifest.xml:9:22-74
uses-permission#android.permission.ACCESS_FINE_LOCATION
ADDED from src\main\AndroidManifest.xml:10:5-79
	android:name
		ADDED from src\main\AndroidManifest.xml:10:22-76
uses-permission#android.permission.BLUETOOTH
ADDED from src\main\AndroidManifest.xml:11:5-68
MERGED from [:GOFIT_SDK-release:] AndroidManifest.xml:11:5-68
MERGED from [:GOFIT_SDK-release:] AndroidManifest.xml:11:5-68
	android:name
		ADDED from src\main\AndroidManifest.xml:11:22-65
uses-permission#android.permission.BLUETOOTH_ADMIN
ADDED from src\main\AndroidManifest.xml:12:5-74
MERGED from [:GOFIT_SDK-release:] AndroidManifest.xml:12:5-74
MERGED from [:GOFIT_SDK-release:] AndroidManifest.xml:12:5-74
	android:name
		ADDED from src\main\AndroidManifest.xml:12:22-71
uses-permission#android.permission.ACCESS_COARSE_LOCATION
ADDED from src\main\AndroidManifest.xml:13:5-81
	android:name
		ADDED from src\main\AndroidManifest.xml:13:22-78
uses-permission#android.permission.INTERNET
ADDED from src\main\AndroidManifest.xml:14:5-67
	android:name
		ADDED from src\main\AndroidManifest.xml:14:22-64
uses-permission#android.permission.READ_EXTERNAL_STORAGE
ADDED from src\main\AndroidManifest.xml:15:5-80
	android:name
		ADDED from src\main\AndroidManifest.xml:15:22-77
uses-permission#android.permission.WRITE_EXTERNAL_STORAGE
ADDED from src\main\AndroidManifest.xml:16:5-81
	android:name
		ADDED from src\main\AndroidManifest.xml:16:22-78
uses-permission#android.permission.SYSTEM_ALERT_WINDOW
ADDED from src\main\AndroidManifest.xml:17:5-78
	android:name
		ADDED from src\main\AndroidManifest.xml:17:22-75
application
ADDED from src\main\AndroidManifest.xml:19:5-52:19
MERGED from [com.afollestad.material-dialogs:core:0.9.0.2] AndroidManifest.xml:13:5-20
MERGED from [com.afollestad.material-dialogs:core:0.9.0.2] AndroidManifest.xml:13:5-20
MERGED from [com.android.support:appcompat-v7:26.1.0] AndroidManifest.xml:25:5-29:19
MERGED from [com.android.support:appcompat-v7:26.1.0] AndroidManifest.xml:25:5-29:19
MERGED from [com.android.support.constraint:constraint-layout:1.1.3] AndroidManifest.xml:9:5-20
MERGED from [com.android.support.constraint:constraint-layout:1.1.3] AndroidManifest.xml:9:5-20
MERGED from [com.android.support:animated-vector-drawable:26.1.0] AndroidManifest.xml:22:5-26:19
MERGED from [com.android.support:animated-vector-drawable:26.1.0] AndroidManifest.xml:22:5-26:19
MERGED from [com.android.support:support-vector-drawable:26.1.0] AndroidManifest.xml:22:5-26:19
MERGED from [com.android.support:support-vector-drawable:26.1.0] AndroidManifest.xml:22:5-26:19
MERGED from [com.android.support:support-v4:26.1.0] AndroidManifest.xml:25:5-29:19
MERGED from [com.android.support:support-v4:26.1.0] AndroidManifest.xml:25:5-29:19
MERGED from [com.android.support:support-media-compat:26.1.0] AndroidManifest.xml:25:5-29:19
MERGED from [com.android.support:support-media-compat:26.1.0] AndroidManifest.xml:25:5-29:19
MERGED from [com.android.support:support-fragment:26.1.0] AndroidManifest.xml:25:5-29:19
MERGED from [com.android.support:support-fragment:26.1.0] AndroidManifest.xml:25:5-29:19
MERGED from [com.android.support:support-core-utils:26.1.0] AndroidManifest.xml:25:5-29:19
MERGED from [com.android.support:support-core-utils:26.1.0] AndroidManifest.xml:25:5-29:19
MERGED from [com.android.support:support-core-ui:26.1.0] AndroidManifest.xml:25:5-29:19
MERGED from [com.android.support:support-core-ui:26.1.0] AndroidManifest.xml:25:5-29:19
MERGED from [com.android.support:support-compat:26.1.0] AndroidManifest.xml:25:5-29:19
MERGED from [com.android.support:support-compat:26.1.0] AndroidManifest.xml:25:5-29:19
MERGED from [android.arch.lifecycle:runtime:1.0.0] AndroidManifest.xml:24:5-28:19
MERGED from [android.arch.lifecycle:runtime:1.0.0] AndroidManifest.xml:24:5-28:19
	android:supportsRtl
		ADDED from src\main\AndroidManifest.xml:25:9-35
	android:label
		ADDED from src\main\AndroidManifest.xml:23:9-41
	android:roundIcon
		ADDED from src\main\AndroidManifest.xml:24:9-54
	android:icon
		ADDED from src\main\AndroidManifest.xml:22:9-43
	android:allowBackup
		ADDED from src\main\AndroidManifest.xml:21:9-35
	android:theme
		ADDED from src\main\AndroidManifest.xml:26:9-40
	android:usesCleartextTraffic
		ADDED from src\main\AndroidManifest.xml:27:9-44
	android:name
		ADDED from src\main\AndroidManifest.xml:20:9-28
service#com.golife.service.SyncService
ADDED from src\main\AndroidManifest.xml:28:9-30:38
	android:enabled
		ADDED from src\main\AndroidManifest.xml:30:13-35
	android:name
		ADDED from src\main\AndroidManifest.xml:29:13-58
service#com.golife.service.dfu.v20160706.DfuService
ADDED from src\main\AndroidManifest.xml:31:9-33:38
	android:enabled
		ADDED from src\main\AndroidManifest.xml:33:13-35
	android:name
		ADDED from src\main\AndroidManifest.xml:32:13-71
activity#com.example.user.test_watch.Main2Activity
ADDED from src\main\AndroidManifest.xml:35:9-37:52
	android:screenOrientation
		ADDED from src\main\AndroidManifest.xml:37:13-49
	android:name
		ADDED from src\main\AndroidManifest.xml:36:13-42
activity#com.example.user.test_watch.Login
ADDED from src\main\AndroidManifest.xml:38:9-46:20
	android:screenOrientation
		ADDED from src\main\AndroidManifest.xml:40:13-49
	android:name
		ADDED from src\main\AndroidManifest.xml:39:13-34
intent-filter#action:name:android.intent.action.MAIN+category:name:android.intent.category.LAUNCHER
ADDED from src\main\AndroidManifest.xml:41:13-45:29
action#android.intent.action.MAIN
ADDED from src\main\AndroidManifest.xml:42:17-69
	android:name
		ADDED from src\main\AndroidManifest.xml:42:25-66
category#android.intent.category.LAUNCHER
ADDED from src\main\AndroidManifest.xml:44:17-77
	android:name
		ADDED from src\main\AndroidManifest.xml:44:27-74
service#org.eclipse.paho.android.service.MqttService
ADDED from src\main\AndroidManifest.xml:48:9-88
	android:name
		ADDED from src\main\AndroidManifest.xml:48:18-77
service#com.example.user.test_watch.BackGroundService
ADDED from src\main\AndroidManifest.xml:49:9-54
	android:name
		ADDED from src\main\AndroidManifest.xml:49:18-51
uses-sdk
INJECTED from src\main\AndroidManifest.xml reason: use-sdk injection requested
INJECTED from src\main\AndroidManifest.xml
INJECTED from src\main\AndroidManifest.xml
MERGED from [com.rengwuxian.materialedittext:library:2.1.4] AndroidManifest.xml:6:5-8:41
MERGED from [com.rengwuxian.materialedittext:library:2.1.4] AndroidManifest.xml:6:5-8:41
MERGED from [com.github.javiersantos:MaterialStyledDialogs:2.1] AndroidManifest.xml:7:5-9:41
MERGED from [com.github.javiersantos:MaterialStyledDialogs:2.1] AndroidManifest.xml:7:5-9:41
MERGED from [com.afollestad.material-dialogs:core:0.9.0.2] AndroidManifest.xml:8:5-11:75
MERGED from [com.afollestad.material-dialogs:core:0.9.0.2] AndroidManifest.xml:8:5-11:75
MERGED from [me.zhanghai.android.materialprogressbar:library:1.1.7] AndroidManifest.xml:12:5-14:41
MERGED from [me.zhanghai.android.materialprogressbar:library:1.1.7] AndroidManifest.xml:12:5-14:41
MERGED from [com.android.support:appcompat-v7:26.1.0] AndroidManifest.xml:21:5-23:78
MERGED from [com.android.support:appcompat-v7:26.1.0] AndroidManifest.xml:21:5-23:78
MERGED from [com.android.support.constraint:constraint-layout:1.1.3] AndroidManifest.xml:5:5-7:41
MERGED from [com.android.support.constraint:constraint-layout:1.1.3] AndroidManifest.xml:5:5-7:41
MERGED from [:GOFIT_SDK-release:] AndroidManifest.xml:7:5-9:41
MERGED from [:GOFIT_SDK-release:] AndroidManifest.xml:7:5-9:41
MERGED from [io.reactivex.rxjava2:rxandroid:2.1.0] AndroidManifest.xml:18:5-43
MERGED from [io.reactivex.rxjava2:rxandroid:2.1.0] AndroidManifest.xml:18:5-43
MERGED from [com.android.support:animated-vector-drawable:26.1.0] AndroidManifest.xml:20:5-44
MERGED from [com.android.support:animated-vector-drawable:26.1.0] AndroidManifest.xml:20:5-44
MERGED from [com.android.support:support-vector-drawable:26.1.0] AndroidManifest.xml:20:5-44
MERGED from [com.android.support:support-vector-drawable:26.1.0] AndroidManifest.xml:20:5-44
MERGED from [com.android.support:support-v4:26.1.0] AndroidManifest.xml:21:5-23:54
MERGED from [com.android.support:support-v4:26.1.0] AndroidManifest.xml:21:5-23:54
MERGED from [com.android.support:support-media-compat:26.1.0] AndroidManifest.xml:21:5-23:63
MERGED from [com.android.support:support-media-compat:26.1.0] AndroidManifest.xml:21:5-23:63
MERGED from [com.android.support:support-fragment:26.1.0] AndroidManifest.xml:21:5-23:60
MERGED from [com.android.support:support-fragment:26.1.0] AndroidManifest.xml:21:5-23:60
MERGED from [com.android.support:support-core-utils:26.1.0] AndroidManifest.xml:21:5-23:61
MERGED from [com.android.support:support-core-utils:26.1.0] AndroidManifest.xml:21:5-23:61
MERGED from [com.android.support:recyclerview-v7:24.2.1] AndroidManifest.xml:20:5-43
MERGED from [com.android.support:recyclerview-v7:24.2.1] AndroidManifest.xml:20:5-43
MERGED from [com.android.support:support-core-ui:26.1.0] AndroidManifest.xml:21:5-23:58
MERGED from [com.android.support:support-core-ui:26.1.0] AndroidManifest.xml:21:5-23:58
MERGED from [com.android.support:support-compat:26.1.0] AndroidManifest.xml:21:5-23:58
MERGED from [com.android.support:support-compat:26.1.0] AndroidManifest.xml:21:5-23:58
MERGED from [android.arch.lifecycle:runtime:1.0.0] AndroidManifest.xml:20:5-22:41
MERGED from [android.arch.lifecycle:runtime:1.0.0] AndroidManifest.xml:20:5-22:41
INJECTED from src\main\AndroidManifest.xml
INJECTED from src\main\AndroidManifest.xml
	tools:overrideLibrary
		ADDED from [com.afollestad.material-dialogs:core:0.9.0.2] AndroidManifest.xml:11:9-72
	android:targetSdkVersion
		INJECTED from src\main\AndroidManifest.xml
		ADDED from src\main\AndroidManifest.xml
		INJECTED from src\main\AndroidManifest.xml
	android:minSdkVersion
		INJECTED from src\main\AndroidManifest.xml
		ADDED from src\main\AndroidManifest.xml
		INJECTED from src\main\AndroidManifest.xml
meta-data#android.support.VERSION
ADDED from [com.android.support:appcompat-v7:26.1.0] AndroidManifest.xml:26:9-28:38
MERGED from [com.android.support:animated-vector-drawable:26.1.0] AndroidManifest.xml:23:9-25:38
MERGED from [com.android.support:animated-vector-drawable:26.1.0] AndroidManifest.xml:23:9-25:38
MERGED from [com.android.support:support-vector-drawable:26.1.0] AndroidManifest.xml:23:9-25:38
MERGED from [com.android.support:support-vector-drawable:26.1.0] AndroidManifest.xml:23:9-25:38
MERGED from [com.android.support:support-v4:26.1.0] AndroidManifest.xml:26:9-28:38
MERGED from [com.android.support:support-v4:26.1.0] AndroidManifest.xml:26:9-28:38
MERGED from [com.android.support:support-media-compat:26.1.0] AndroidManifest.xml:26:9-28:38
MERGED from [com.android.support:support-media-compat:26.1.0] AndroidManifest.xml:26:9-28:38
MERGED from [com.android.support:support-fragment:26.1.0] AndroidManifest.xml:26:9-28:38
MERGED from [com.android.support:support-fragment:26.1.0] AndroidManifest.xml:26:9-28:38
MERGED from [com.android.support:support-core-utils:26.1.0] AndroidManifest.xml:26:9-28:38
MERGED from [com.android.support:support-core-utils:26.1.0] AndroidManifest.xml:26:9-28:38
MERGED from [com.android.support:support-core-ui:26.1.0] AndroidManifest.xml:26:9-28:38
MERGED from [com.android.support:support-core-ui:26.1.0] AndroidManifest.xml:26:9-28:38
MERGED from [com.android.support:support-compat:26.1.0] AndroidManifest.xml:26:9-28:38
MERGED from [com.android.support:support-compat:26.1.0] AndroidManifest.xml:26:9-28:38
	android:value
		ADDED from [com.android.support:appcompat-v7:26.1.0] AndroidManifest.xml:28:13-35
	android:name
		ADDED from [com.android.support:appcompat-v7:26.1.0] AndroidManifest.xml:27:13-51
meta-data#android.arch.lifecycle.VERSION
ADDED from [android.arch.lifecycle:runtime:1.0.0] AndroidManifest.xml:25:9-27:47
	android:value
		ADDED from [android.arch.lifecycle:runtime:1.0.0] AndroidManifest.xml:27:13-44
	android:name
		ADDED from [android.arch.lifecycle:runtime:1.0.0] AndroidManifest.xml:26:13-58